2018-11-24 13:18:57 INFO  BaseRunner:31 - Текущая ОС: windows 8
2018-11-24 13:18:57 INFO  BaseRunner:18 - Инициализация веб драйвера
2018-11-24 13:20:15 INFO  PageTinkoffMobile:32 - Открытие страницы: https://www.tinkoff.ru/mobile-operator/
2018-11-24 13:21:26 INFO  PageTinkoffMobile:38 - Скролл к элементу: форма
2018-11-24 13:21:35 INFO  PageTinkoffMobile:45 - Нажатие кнопки: Далее
2018-11-24 13:21:41 INFO  PageTinkoffMobile:51 - Получение текста ошибки поля: ФИО
2018-11-24 13:21:43 INFO  PageTinkoffMobile:54 - Текст ошибки поля: ФИО: Укажите ваше ФИО
2018-11-24 13:21:43 INFO  PageTinkoffMobile:59 - Получение текста ошибки поля: Контактный номер
2018-11-24 13:21:43 INFO  PageTinkoffMobile:62 - Текст ошибки поля: Контактный номер: Необходимо указать номер телефона
2018-11-24 13:21:43 INFO  BaseRunner:38 - Закрытие браузера
2018-11-24 13:21:46 INFO  BaseRunner:31 - Текущая ОС: windows 8
2018-11-24 13:21:46 INFO  BaseRunner:18 - Инициализация веб драйвера
2018-11-24 13:22:03 INFO  PageTinkoffMobile:32 - Открытие страницы: https://www.tinkoff.ru/mobile-operator/
2018-11-24 13:23:04 INFO  PageTinkoffMobile:67 - Поиск селекта: Гражданство
2018-11-24 13:23:04 INFO  PageTinkoffMobile:69 - Нажатие на селект: Гражданство
2018-11-24 13:23:15 INFO  PageTinkoffMobile:72 - Поиск элементов коллекции выпадающего списка: Гражданство
2018-11-24 13:23:22 INFO  PageTinkoffMobile:77 - Найдено: 2 элемента
2018-11-24 13:23:24 INFO  PageTinkoffMobile:81 - Поиск элемента коллекции: 'Не имею гражданства РФ', текущий элемент: 'Имею гражданство РФ'
2018-11-24 13:23:24 INFO  PageTinkoffMobile:81 - Поиск элемента коллекции: 'Не имею гражданства РФ', текущий элемент: 'Не имею гражданства РФ'
2018-11-24 13:23:24 INFO  PageTinkoffMobile:83 - Нажатие на элемент коллекции: 'Не имею гражданства РФ'
2018-11-24 13:23:27 INFO  BaseRunner:38 - Закрытие браузера
2018-11-24 13:40:38 INFO  BaseRunner:31 - Текущая ОС: windows 8
2018-11-24 13:40:38 INFO  BaseRunner:18 - Инициализация веб драйвера
2018-11-24 13:41:23 INFO  PageTinkoffMobile:32 - Открытие страницы: https://www.tinkoff.ru/mobile-operator/
2018-11-25 22:53:12 INFO  BaseRunner:31 - Текущая ОС: windows 8
2018-11-25 22:53:12 INFO  BaseRunner:18 - Инициализация веб драйвера
2018-11-25 22:53:34 INFO  BaseRunner:38 - Закрытие браузера
2018-11-25 22:54:53 INFO  BaseRunner:31 - Текущая ОС: windows 8
2018-11-25 22:54:53 INFO  BaseRunner:18 - Инициализация веб драйвера
2018-11-25 22:55:04 INFO  PageTinkoffMobile:36 - Открытие страницы: https://www.tinkoff.ru/mobile-operator/tariffs/
2018-11-25 22:55:12 INFO  PageTinkoffMobile:41 - Устанавливаем дефолтны регион Москва и область
2018-11-25 22:55:15 INFO  BaseRunner:38 - Закрытие браузера
2018-11-25 22:57:53 INFO  BaseRunner:31 - Текущая ОС: windows 8
2018-11-25 22:57:53 INFO  BaseRunner:18 - Инициализация веб драйвера
2018-11-25 22:58:01 INFO  PageTinkoffMobile:36 - Открытие страницы: https://www.tinkoff.ru/mobile-operator/tariffs/
2018-11-25 22:58:14 INFO  PageTinkoffMobile:43 - Устанавливаем дефолтны регион Москва и область
2018-11-25 22:58:21 INFO  BaseRunner:38 - Закрытие браузера
2018-11-25 22:58:49 INFO  BaseRunner:31 - Текущая ОС: windows 8
2018-11-25 22:58:49 INFO  BaseRunner:18 - Инициализация веб драйвера
2018-11-25 22:58:57 INFO  PageTinkoffMobile:36 - Открытие страницы: https://www.tinkoff.ru/mobile-operator/tariffs/
2018-11-25 22:59:05 INFO  PageTinkoffMobile:43 - Устанавливаем дефолтны регион Москва и область
2018-11-25 22:59:06 INFO  BaseRunner:38 - Закрытие браузера
2018-11-25 23:03:56 INFO  BaseRunner:31 - Текущая ОС: windows 8
2018-11-25 23:03:56 INFO  BaseRunner:18 - Инициализация веб драйвера
2018-11-25 23:04:03 INFO  PageTinkoffMobile:36 - Открытие страницы: https://www.tinkoff.ru/mobile-operator/tariffs/
2018-11-25 23:04:30 INFO  PageTinkoffMobile:43 - Устанавливаем дефолтны регион Москва и область
2018-11-25 23:04:31 INFO  PageTinkoffMobile:49 - Определение региона
2018-11-25 23:04:34 INFO  BaseRunner:38 - Закрытие браузера
2018-11-25 23:11:29 INFO  BaseRunner:31 - Текущая ОС: windows 8
2018-11-25 23:11:29 INFO  BaseRunner:18 - Инициализация веб драйвера
2018-11-25 23:11:37 INFO  PageTinkoffMobile:36 - Открытие страницы: https://www.tinkoff.ru/mobile-operator/tariffs/
2018-11-25 23:12:06 INFO  PageTinkoffMobile:43 - Устанавливаем дефолтны регион Москва и область
2018-11-25 23:12:06 INFO  PageTinkoffMobile:49 - Определение региона
2018-11-25 23:12:06 INFO  PageTinkoffMobile:52 - Текущий регион Москва и Московская область
2018-11-25 23:12:06 INFO  PageTinkoffMobile:56 - Определение региона
2018-11-25 23:12:06 INFO  PageTinkoffMobile:62 - Обновляем страницу
2018-11-25 23:12:09 INFO  PageTinkoffMobile:56 - Определение региона
2018-11-25 23:12:10 INFO  PageTinkoffMobile:67 - Поиск стоимости пакета
2018-11-25 23:12:11 INFO  BaseRunner:38 - Закрытие браузера
2018-11-25 23:15:05 INFO  BaseRunner:31 - Текущая ОС: windows 8
2018-11-25 23:15:05 INFO  BaseRunner:18 - Инициализация веб драйвера
2018-11-25 23:15:12 INFO  PageTinkoffMobile:36 - Открытие страницы: https://www.tinkoff.ru/mobile-operator/tariffs/
2018-11-25 23:15:42 INFO  PageTinkoffMobile:43 - Устанавливаем дефолтны регион Москва и область
2018-11-25 23:15:42 INFO  PageTinkoffMobile:49 - Определение региона
2018-11-25 23:15:42 INFO  PageTinkoffMobile:52 - Текущий регион Москва и Московская область
2018-11-25 23:15:42 INFO  PageTinkoffMobile:56 - Определение региона
2018-11-25 23:15:42 INFO  PageTinkoffMobile:59 - Текущий регионМосква и Московская область
2018-11-25 23:15:42 INFO  PageTinkoffMobile:63 - Обновляем страницу
2018-11-25 23:15:45 INFO  PageTinkoffMobile:56 - Определение региона
2018-11-25 23:15:46 INFO  PageTinkoffMobile:59 - Текущий регионМосква и Московская область
2018-11-25 23:15:46 INFO  PageTinkoffMobile:70 - Поиск стоимости пакета
2018-11-25 23:15:47 INFO  BaseRunner:38 - Закрытие браузера
2018-11-25 23:17:38 INFO  BaseRunner:31 - Текущая ОС: windows 8
2018-11-25 23:17:38 INFO  BaseRunner:18 - Инициализация веб драйвера
2018-11-25 23:17:46 INFO  PageTinkoffMobile:36 - Открытие страницы: https://www.tinkoff.ru/mobile-operator/tariffs/
2018-11-25 23:17:58 INFO  PageTinkoffMobile:43 - Устанавливаем дефолтны регион Москва и область
2018-11-25 23:18:01 INFO  PageTinkoffMobile:49 - Определение региона
2018-11-25 23:18:02 INFO  PageTinkoffMobile:52 - Текущий регион Москва и Московская область
2018-11-25 23:18:02 INFO  PageTinkoffMobile:56 - Определение региона
2018-11-25 23:18:02 INFO  PageTinkoffMobile:59 - Текущий регионМосква и Московская область
2018-11-25 23:18:02 INFO  PageTinkoffMobile:63 - Обновляем страницу
2018-11-25 23:18:06 INFO  PageTinkoffMobile:56 - Определение региона
2018-11-25 23:18:07 INFO  PageTinkoffMobile:59 - Текущий регионМосква и Московская область
2018-11-25 23:18:07 INFO  PageTinkoffMobile:71 - Поиск стоимости пакета
2018-11-25 23:18:07 INFO  BaseRunner:38 - Закрытие браузера
2018-11-25 23:18:44 INFO  BaseRunner:31 - Текущая ОС: windows 8
2018-11-25 23:18:44 INFO  BaseRunner:18 - Инициализация веб драйвера
2018-11-25 23:18:51 INFO  PageTinkoffMobile:36 - Открытие страницы: https://www.tinkoff.ru/mobile-operator/tariffs/
2018-11-25 23:18:59 INFO  PageTinkoffMobile:43 - Устанавливаем дефолтны регион Москва и область
2018-11-25 23:19:00 INFO  PageTinkoffMobile:49 - Определение региона
2018-11-25 23:19:01 INFO  PageTinkoffMobile:52 - Текущий регион Москва и Московская область
2018-11-25 23:19:01 INFO  PageTinkoffMobile:56 - Определение региона
2018-11-25 23:19:01 INFO  PageTinkoffMobile:59 - Текущий регионМосква и Московская область
2018-11-25 23:19:01 INFO  PageTinkoffMobile:63 - Обновляем страницу
2018-11-25 23:19:01 INFO  PageTinkoffMobile:56 - Определение региона
2018-11-25 23:19:06 INFO  PageTinkoffMobile:59 - Текущий регионМосква и Московская область
2018-11-25 23:19:06 INFO  PageTinkoffMobile:71 - Поиск стоимости пакета
2018-11-25 23:19:06 INFO  BaseRunner:38 - Закрытие браузера
2018-11-25 23:24:58 INFO  BaseRunner:31 - Текущая ОС: windows 8
2018-11-25 23:24:58 INFO  BaseRunner:18 - Инициализация веб драйвера
2018-11-25 23:25:06 INFO  PageTinkoffMobile:39 - Открытие страницы: https://www.tinkoff.ru/mobile-operator/tariffs/
2018-11-25 23:25:14 INFO  PageTinkoffMobile:46 - Устанавливаем дефолтны регион Москва и область
2018-11-25 23:25:14 INFO  PageTinkoffMobile:52 - Определение региона
2018-11-25 23:25:17 INFO  PageTinkoffMobile:55 - Текущий регион Москва и Московская область
2018-11-25 23:25:17 INFO  PageTinkoffMobile:59 - Определение региона
2018-11-25 23:25:17 INFO  PageTinkoffMobile:62 - Текущий регионМосква и Московская область
2018-11-25 23:25:17 INFO  PageTinkoffMobile:72 - Обновляем страницу
2018-11-25 23:26:08 INFO  BaseRunner:38 - Закрытие браузера
2018-11-25 23:30:50 INFO  BaseRunner:31 - Текущая ОС: windows 8
2018-11-25 23:30:51 INFO  BaseRunner:18 - Инициализация веб драйвера
2018-11-25 23:30:58 INFO  PageTinkoffMobile:39 - Открытие страницы: https://www.tinkoff.ru/mobile-operator/tariffs/
2018-11-25 23:31:06 INFO  PageTinkoffMobile:46 - Устанавливаем дефолтны регион Москва и область
2018-11-25 23:31:08 INFO  PageTinkoffMobile:52 - Определение региона
2018-11-25 23:31:08 INFO  PageTinkoffMobile:55 - Текущий регион Москва и Московская область
2018-11-25 23:31:08 INFO  PageTinkoffMobile:59 - Определение региона
2018-11-25 23:31:09 INFO  PageTinkoffMobile:62 - Текущий регионМосква и Московская область
2018-11-25 23:31:09 INFO  PageTinkoffMobile:67 - Обновляем страницу
2018-11-25 23:31:17 INFO  PageTinkoffMobile:59 - Определение региона
2018-11-25 23:31:17 INFO  PageTinkoffMobile:62 - Текущий регионМосква и Московская область
2018-11-25 23:31:17 INFO  PageTinkoffMobile:73 - Поиск стоимости пакета
2018-11-25 23:31:17 INFO  PageTinkoffMobile:80 - Поиск селекта: Интернет
2018-11-25 23:31:17 INFO  PageTinkoffMobile:82 - Нажатие на селект: Интернет
2018-11-25 23:31:18 INFO  PageTinkoffMobile:85 - Поиск элементов коллекции выпадающего списка: Интернет
2018-11-25 23:31:19 INFO  PageTinkoffMobile:89 - Найдено: 6 элемента
2018-11-25 23:31:19 INFO  PageTinkoffMobile:93 - Поиск элемента коллекции: 'Безлимитный интернет', текущий элемент: '0 ГБ'
2018-11-25 23:31:19 INFO  PageTinkoffMobile:93 - Поиск элемента коллекции: 'Безлимитный интернет', текущий элемент: '2 ГБ'
2018-11-25 23:31:19 INFO  PageTinkoffMobile:93 - Поиск элемента коллекции: 'Безлимитный интернет', текущий элемент: '4 ГБ'
2018-11-25 23:31:20 INFO  PageTinkoffMobile:93 - Поиск элемента коллекции: 'Безлимитный интернет', текущий элемент: '8 ГБ'
2018-11-25 23:31:20 INFO  PageTinkoffMobile:93 - Поиск элемента коллекции: 'Безлимитный интернет', текущий элемент: '16 ГБ'
2018-11-25 23:31:20 INFO  PageTinkoffMobile:93 - Поиск элемента коллекции: 'Безлимитный интернет', текущий элемент: 'Безлимитный интернет'
2018-11-25 23:31:20 INFO  PageTinkoffMobile:95 - Нажатие на элемент коллекции: 'Безлимитный интернет'
2018-11-25 23:31:20 INFO  BaseRunner:38 - Закрытие браузера
2018-11-26 23:29:22 INFO  BaseRunner:31 - Текущая ОС: windows 8
2018-11-26 23:29:22 INFO  BaseRunner:18 - Инициализация веб драйвера
2018-11-26 23:29:41 INFO  PageTinkoffMobile:40 - Открытие страницы: https://www.tinkoff.ru/mobile-operator/tariffs/
2018-11-26 23:30:04 INFO  PageTinkoffMobile:47 - Устанавливаем дефолтны регион Москва и область
2018-11-26 23:30:05 INFO  PageTinkoffMobile:53 - Определение региона
2018-11-26 23:30:05 INFO  PageTinkoffMobile:56 - Текущий регион Москва и Московская область
2018-11-26 23:30:05 INFO  PageTinkoffMobile:60 - Определение региона
2018-11-26 23:30:05 INFO  PageTinkoffMobile:63 - Текущий регионМосква и Московская область
2018-11-26 23:30:05 INFO  PageTinkoffMobile:68 - Обновляем страницу
2018-11-26 23:30:14 INFO  PageTinkoffMobile:60 - Определение региона
2018-11-26 23:30:14 INFO  PageTinkoffMobile:63 - Текущий регионМосква и Московская область
2018-11-26 23:30:14 INFO  PageTinkoffMobile:74 - Поиск стоимости пакета
2018-11-26 23:30:14 INFO  PageTinkoffMobile:91 - Поиск селекта: Интернет
2018-11-26 23:30:14 INFO  PageTinkoffMobile:93 - Нажатие на селект: Интернет
2018-11-26 23:30:15 INFO  PageTinkoffMobile:96 - Поиск элементов коллекции выпадающего списка: Интернет
2018-11-26 23:30:15 INFO  PageTinkoffMobile:100 - Найдено: 6 элемента
2018-11-26 23:30:16 INFO  PageTinkoffMobile:104 - Поиск элемента коллекции: 'Безлимитный интернет', текущий элемент: '0 ГБ'
2018-11-26 23:30:16 INFO  PageTinkoffMobile:104 - Поиск элемента коллекции: 'Безлимитный интернет', текущий элемент: '2 ГБ'
2018-11-26 23:30:16 INFO  PageTinkoffMobile:104 - Поиск элемента коллекции: 'Безлимитный интернет', текущий элемент: '4 ГБ'
2018-11-26 23:30:16 INFO  PageTinkoffMobile:104 - Поиск элемента коллекции: 'Безлимитный интернет', текущий элемент: '8 ГБ'
2018-11-26 23:30:16 INFO  PageTinkoffMobile:104 - Поиск элемента коллекции: 'Безлимитный интернет', текущий элемент: '16 ГБ'
2018-11-26 23:30:16 INFO  PageTinkoffMobile:104 - Поиск элемента коллекции: 'Безлимитный интернет', текущий элемент: 'Безлимитный интернет'
2018-11-26 23:30:16 INFO  PageTinkoffMobile:106 - Нажатие на элемент коллекции: 'Безлимитный интернет'
2018-11-26 23:30:16 INFO  PageTinkoffMobile:117 - Поиск селекта: Звонки
2018-11-26 23:30:16 INFO  PageTinkoffMobile:119 - Нажатие на селект: Звонки
2018-11-26 23:30:16 INFO  PageTinkoffMobile:122 - Поиск элементов коллекции выпадающего списка: Звонки
2018-11-26 23:30:17 INFO  PageTinkoffMobile:126 - Найдено: 6 элемента
2018-11-26 23:30:17 INFO  PageTinkoffMobile:130 - Поиск элемента коллекции: 'Безлимитные минуты', текущий элемент: '0 минут'
2018-11-26 23:30:17 INFO  PageTinkoffMobile:130 - Поиск элемента коллекции: 'Безлимитные минуты', текущий элемент: '200 минут'
2018-11-26 23:30:17 INFO  PageTinkoffMobile:130 - Поиск элемента коллекции: 'Безлимитные минуты', текущий элемент: '400 минут'
2018-11-26 23:30:17 INFO  PageTinkoffMobile:130 - Поиск элемента коллекции: 'Безлимитные минуты', текущий элемент: '600 минут'
2018-11-26 23:30:17 INFO  PageTinkoffMobile:130 - Поиск элемента коллекции: 'Безлимитные минуты', текущий элемент: '1200 минут'
2018-11-26 23:30:17 INFO  PageTinkoffMobile:130 - Поиск элемента коллекции: 'Безлимитные минуты', текущий элемент: 'Безлимитные минуты'
2018-11-26 23:30:17 INFO  PageTinkoffMobile:132 - Нажатие на элемент коллекции: 'Безлимитные минуты'
2018-11-26 23:30:17 INFO  PageTinkoffMobile:81 - Поиск чекбокса Модем
2018-11-26 23:30:18 INFO  PageTinkoffMobile:83 - Нажатие чекбокс: Модем
2018-11-26 23:30:18 INFO  PageTinkoffMobile:85 - Выполнили нажатие
2018-11-26 23:30:18 INFO  BaseRunner:38 - Закрытие браузера
2018-11-29 20:45:44 INFO  BaseRunner:31 - Текущая ОС: windows 8
2018-11-29 20:45:44 INFO  BaseRunner:18 - Инициализация веб драйвера
2018-11-29 20:46:05 INFO  PageTinkoffMobile:41 - Открытие страницы: https://www.tinkoff.ru/mobile-operator/tariffs/
2018-11-29 20:46:18 INFO  PageTinkoffMobile:48 - Устанавливаем дефолтны регион Москва и область
2018-11-29 20:46:19 INFO  PageTinkoffMobile:54 - Определение региона
2018-11-29 20:46:25 INFO  BaseRunner:38 - Закрытие браузера
2018-11-29 21:21:16 INFO  BaseRunner:31 - Текущая ОС: windows 8
2018-11-29 21:21:16 INFO  BaseRunner:18 - Инициализация веб драйвера
2018-11-29 21:21:29 INFO  PageTinkoffMobile:41 - Открытие страницы: https://www.tinkoff.ru/mobile-operator/tariffs/
2018-11-29 21:21:47 INFO  PageTinkoffMobile:48 - Устанавливаем дефолтны регион Москва и область
2018-11-29 21:22:02 INFO  PageTinkoffMobile:54 - Определение региона
2018-11-29 21:22:04 INFO  PageTinkoffMobile:57 - Текущий регион Москва и Московская область
2018-11-29 21:22:04 INFO  PageTinkoffMobile:61 - Определение региона
2018-11-29 21:22:05 INFO  PageTinkoffMobile:64 - Текущий регионМосква и Московская область
2018-11-29 21:22:05 INFO  PageTinkoffMobile:69 - Обновляем страницу
2018-11-29 21:22:11 INFO  PageTinkoffMobile:61 - Определение региона
2018-11-29 21:22:11 INFO  PageTinkoffMobile:64 - Текущий регионМосква и Московская область
2018-11-29 21:22:11 INFO  PageTinkoffMobile:75 - Поиск стоимости пакета
2018-11-29 21:22:11 INFO  PageTinkoffMobile:102 - Поиск селекта: Интернет
2018-11-29 21:22:11 INFO  PageTinkoffMobile:104 - Нажатие на селект: Интернет
2018-11-29 21:22:12 INFO  PageTinkoffMobile:107 - Поиск элементов коллекции выпадающего списка: Интернет
2018-11-29 21:22:12 INFO  PageTinkoffMobile:111 - Найдено: 6 элемента
2018-11-29 21:22:12 INFO  PageTinkoffMobile:115 - Поиск элемента коллекции: 'Безлимитный интернет', текущий элемент: '0 ГБ'
2018-11-29 21:22:12 INFO  PageTinkoffMobile:115 - Поиск элемента коллекции: 'Безлимитный интернет', текущий элемент: '2 ГБ'
2018-11-29 21:22:13 INFO  PageTinkoffMobile:115 - Поиск элемента коллекции: 'Безлимитный интернет', текущий элемент: '4 ГБ'
2018-11-29 21:22:13 INFO  PageTinkoffMobile:115 - Поиск элемента коллекции: 'Безлимитный интернет', текущий элемент: '8 ГБ'
2018-11-29 21:22:13 INFO  PageTinkoffMobile:115 - Поиск элемента коллекции: 'Безлимитный интернет', текущий элемент: '16 ГБ'
2018-11-29 21:22:13 INFO  PageTinkoffMobile:115 - Поиск элемента коллекции: 'Безлимитный интернет', текущий элемент: 'Безлимитный интернет'
2018-11-29 21:22:13 INFO  PageTinkoffMobile:117 - Нажатие на элемент коллекции: 'Безлимитный интернет'
2018-11-29 21:22:14 INFO  PageTinkoffMobile:128 - Поиск селекта: Звонки
2018-11-29 21:22:14 INFO  PageTinkoffMobile:130 - Нажатие на селект: Звонки
2018-11-29 21:22:14 INFO  PageTinkoffMobile:133 - Поиск элементов коллекции выпадающего списка: Звонки
2018-11-29 21:22:14 INFO  PageTinkoffMobile:137 - Найдено: 6 элемента
2018-11-29 21:22:14 INFO  PageTinkoffMobile:141 - Поиск элемента коллекции: 'Безлимитные минуты', текущий элемент: '0 минут'
2018-11-29 21:22:14 INFO  PageTinkoffMobile:141 - Поиск элемента коллекции: 'Безлимитные минуты', текущий элемент: '200 минут'
2018-11-29 21:22:14 INFO  PageTinkoffMobile:141 - Поиск элемента коллекции: 'Безлимитные минуты', текущий элемент: '400 минут'
2018-11-29 21:22:15 INFO  PageTinkoffMobile:141 - Поиск элемента коллекции: 'Безлимитные минуты', текущий элемент: '600 минут'
2018-11-29 21:22:15 INFO  PageTinkoffMobile:141 - Поиск элемента коллекции: 'Безлимитные минуты', текущий элемент: '1200 минут'
2018-11-29 21:22:15 INFO  PageTinkoffMobile:141 - Поиск элемента коллекции: 'Безлимитные минуты', текущий элемент: 'Безлимитные минуты'
2018-11-29 21:22:15 INFO  PageTinkoffMobile:143 - Нажатие на элемент коллекции: 'Безлимитные минуты'
2018-11-29 21:22:15 INFO  PageTinkoffMobile:82 - Поиск чекбокса Модем
2018-11-29 21:22:15 INFO  PageTinkoffMobile:84 - Нажатие чекбокс: Модем
2018-11-29 21:22:16 INFO  PageTinkoffMobile:86 - Выполнили нажатие
2018-11-29 21:22:16 INFO  PageTinkoffMobile:90 - Поиск чекбокса бузлимитные СМС
2018-11-29 21:22:16 INFO  PageTinkoffMobile:92 - Нажатие чекбокс: СМС
2018-11-29 21:22:16 INFO  PageTinkoffMobile:94 - Выполнили нажатие
2018-11-29 21:22:16 INFO  PageTinkoffMobile:75 - Поиск стоимости пакета
2018-11-29 21:22:16 INFO  BaseRunner:38 - Закрытие браузера
2018-11-29 21:35:53 INFO  BaseRunner:31 - Текущая ОС: windows 8
2018-11-29 21:35:53 INFO  BaseRunner:18 - Инициализация веб драйвера
2018-11-29 21:36:06 INFO  PageTinkoffMobile:43 - Открытие страницы: https://www.tinkoff.ru/mobile-operator/tariffs/
2018-11-29 21:36:20 INFO  PageTinkoffMobile:50 - Устанавливаем дефолтны регион Москва и область
2018-11-29 21:36:34 INFO  PageTinkoffMobile:56 - Определение региона
2018-11-29 21:36:35 INFO  PageTinkoffMobile:59 - Текущий регион Москва и Московская область
2018-11-29 21:36:35 INFO  PageTinkoffMobile:63 - Определение региона
2018-11-29 21:36:36 INFO  PageTinkoffMobile:66 - Текущий регионМосква и Московская область
2018-11-29 21:36:36 INFO  PageTinkoffMobile:71 - Обновляем страницу
2018-11-29 21:36:44 INFO  PageTinkoffMobile:63 - Определение региона
2018-11-29 21:36:44 INFO  PageTinkoffMobile:66 - Текущий регионМосква и Московская область
2018-11-29 21:36:44 INFO  PageTinkoffMobile:77 - Поиск стоимости пакета
2018-11-29 21:36:45 INFO  PageTinkoffMobile:101 - Поиск селекта...
2018-11-29 21:36:45 INFO  PageTinkoffMobile:103 - Нажатие на селект
2018-11-29 21:36:45 INFO  PageTinkoffMobile:106 - Поиск элементов коллекции выпадающего списка...
2018-11-29 21:36:45 INFO  PageTinkoffMobile:110 - Найдено: 6 элемента
2018-11-29 21:36:46 INFO  PageTinkoffMobile:114 - Поиск элемента коллекции: 'Безлимитный интернет', текущий элемент: '0 ГБ'
2018-11-29 21:36:46 INFO  PageTinkoffMobile:114 - Поиск элемента коллекции: 'Безлимитный интернет', текущий элемент: '2 ГБ'
2018-11-29 21:36:46 INFO  PageTinkoffMobile:114 - Поиск элемента коллекции: 'Безлимитный интернет', текущий элемент: '4 ГБ'
2018-11-29 21:36:46 INFO  PageTinkoffMobile:114 - Поиск элемента коллекции: 'Безлимитный интернет', текущий элемент: '8 ГБ'
2018-11-29 21:36:46 INFO  PageTinkoffMobile:114 - Поиск элемента коллекции: 'Безлимитный интернет', текущий элемент: '16 ГБ'
2018-11-29 21:36:46 INFO  PageTinkoffMobile:114 - Поиск элемента коллекции: 'Безлимитный интернет', текущий элемент: 'Безлимитный интернет'
2018-11-29 21:36:46 INFO  PageTinkoffMobile:116 - Нажатие на элемент коллекции: 'Безлимитный интернет'
2018-11-29 21:36:47 INFO  PageTinkoffMobile:101 - Поиск селекта...
2018-11-29 21:36:47 INFO  PageTinkoffMobile:103 - Нажатие на селект
2018-11-29 21:36:47 INFO  PageTinkoffMobile:106 - Поиск элементов коллекции выпадающего списка...
2018-11-29 21:36:47 INFO  PageTinkoffMobile:110 - Найдено: 6 элемента
2018-11-29 21:36:47 INFO  PageTinkoffMobile:114 - Поиск элемента коллекции: 'Безлимитные минуты', текущий элемент: '0 минут'
2018-11-29 21:36:47 INFO  PageTinkoffMobile:114 - Поиск элемента коллекции: 'Безлимитные минуты', текущий элемент: '200 минут'
2018-11-29 21:36:47 INFO  PageTinkoffMobile:114 - Поиск элемента коллекции: 'Безлимитные минуты', текущий элемент: '400 минут'
2018-11-29 21:36:47 INFO  PageTinkoffMobile:114 - Поиск элемента коллекции: 'Безлимитные минуты', текущий элемент: '600 минут'
2018-11-29 21:36:48 INFO  PageTinkoffMobile:114 - Поиск элемента коллекции: 'Безлимитные минуты', текущий элемент: '1200 минут'
2018-11-29 21:36:48 INFO  PageTinkoffMobile:114 - Поиск элемента коллекции: 'Безлимитные минуты', текущий элемент: 'Безлимитные минуты'
2018-11-29 21:36:48 INFO  PageTinkoffMobile:116 - Нажатие на элемент коллекции: 'Безлимитные минуты'
2018-11-29 21:36:48 INFO  PageTinkoffMobile:84 - Поиск чекбокса Модем
2018-11-29 21:36:48 INFO  PageTinkoffMobile:86 - Нажатие чекбокс: Модем
2018-11-29 21:36:48 INFO  PageTinkoffMobile:88 - Выполнили нажатие
2018-11-29 21:36:48 INFO  PageTinkoffMobile:92 - Поиск чекбокса бузлимитные СМС
2018-11-29 21:36:48 INFO  PageTinkoffMobile:94 - Нажатие чекбокс: СМС
2018-11-29 21:36:49 INFO  PageTinkoffMobile:96 - Выполнили нажатие
2018-11-29 21:36:49 INFO  PageTinkoffMobile:77 - Поиск стоимости пакета
2018-11-29 21:36:49 INFO  BaseRunner:38 - Закрытие браузера
2018-11-29 21:40:36 INFO  BaseRunner:31 - Текущая ОС: windows 8
2018-11-29 21:40:36 INFO  BaseRunner:18 - Инициализация веб драйвера
2018-11-29 21:40:49 INFO  PageTinkoffMobile:40 - Открытие страницы: https://www.tinkoff.ru/mobile-operator/tariffs/
2018-11-29 21:41:38 INFO  PageTinkoffMobile:47 - Устанавливаем дефолтны регион Москва и область
2018-11-29 21:41:42 INFO  PageTinkoffMobile:53 - Определение региона
2018-11-29 21:41:43 INFO  PageTinkoffMobile:56 - Текущий регион Москва и Московская область
2018-11-29 21:41:43 INFO  PageTinkoffMobile:60 - Определение региона
2018-11-29 21:41:44 INFO  PageTinkoffMobile:63 - Текущий регионМосква и Московская область
2018-11-29 21:41:44 INFO  PageTinkoffMobile:68 - Обновляем страницу
2018-11-29 21:41:52 INFO  PageTinkoffMobile:60 - Определение региона
2018-11-29 21:41:52 INFO  PageTinkoffMobile:63 - Текущий регионМосква и Московская область
2018-11-29 21:41:52 INFO  PageTinkoffMobile:74 - Поиск стоимости пакета
2018-11-29 21:41:52 INFO  PageTinkoffMobile:98 - Поиск селекта...
2018-11-29 21:41:52 INFO  PageTinkoffMobile:100 - Нажатие на селект
2018-11-29 21:41:53 INFO  PageTinkoffMobile:103 - Поиск элементов коллекции выпадающего списка...
2018-11-29 21:41:58 INFO  BaseRunner:38 - Закрытие браузера
2018-11-29 21:49:53 INFO  BaseRunner:31 - Текущая ОС: windows 8
2018-11-29 21:49:53 INFO  BaseRunner:18 - Инициализация веб драйвера
2018-11-29 21:50:04 INFO  PageTinkoffMobile:40 - Открытие страницы: https://www.tinkoff.ru/mobile-operator/tariffs/
2018-11-29 21:50:15 INFO  PageTinkoffMobile:47 - Устанавливаем дефолтны регион Москва и область
2018-11-29 21:50:20 INFO  PageTinkoffMobile:53 - Определение региона
2018-11-29 21:50:21 INFO  PageTinkoffMobile:56 - Текущий регион Москва и Московская область
2018-11-29 21:50:21 INFO  PageTinkoffMobile:60 - Определение региона
2018-11-29 21:50:21 INFO  PageTinkoffMobile:63 - Текущий регионМосква и Московская область
2018-11-29 21:50:21 INFO  PageTinkoffMobile:68 - Обновляем страницу
2018-11-29 21:50:29 INFO  PageTinkoffMobile:60 - Определение региона
2018-11-29 21:50:29 INFO  PageTinkoffMobile:63 - Текущий регионМосква и Московская область
2018-11-29 21:50:29 INFO  PageTinkoffMobile:74 - Поиск стоимости пакета
2018-11-29 21:50:30 INFO  PageTinkoffMobile:106 - Поиск селекта...
2018-11-29 21:50:30 INFO  PageTinkoffMobile:108 - Нажатие на селект
2018-11-29 21:50:30 INFO  PageTinkoffMobile:111 - Поиск элементов коллекции выпадающего списка...
2018-11-29 21:50:35 INFO  BaseRunner:38 - Закрытие браузера
2018-11-29 21:52:48 INFO  BaseRunner:31 - Текущая ОС: windows 8
2018-11-29 21:52:48 INFO  BaseRunner:18 - Инициализация веб драйвера
2018-11-29 21:52:59 INFO  PageTinkoffMobile:40 - Открытие страницы: https://www.tinkoff.ru/mobile-operator/tariffs/
2018-11-29 21:53:09 INFO  PageTinkoffMobile:47 - Устанавливаем дефолтны регион Москва и область
2018-11-29 21:53:15 INFO  PageTinkoffMobile:53 - Определение региона
2018-11-29 21:53:16 INFO  PageTinkoffMobile:56 - Текущий регион Москва и Московская область
2018-11-29 21:53:16 INFO  PageTinkoffMobile:60 - Определение региона
2018-11-29 21:53:16 INFO  PageTinkoffMobile:63 - Текущий регионМосква и Московская область
2018-11-29 21:53:16 INFO  PageTinkoffMobile:68 - Обновляем страницу
2018-11-29 21:53:24 INFO  PageTinkoffMobile:60 - Определение региона
2018-11-29 21:53:24 INFO  PageTinkoffMobile:63 - Текущий регионМосква и Московская область
2018-11-29 21:53:24 INFO  PageTinkoffMobile:74 - Поиск стоимости пакета
2018-11-29 21:53:24 INFO  PageTinkoffMobile:106 - Поиск селекта...
2018-11-29 21:53:25 INFO  PageTinkoffMobile:108 - Нажатие на селект
2018-11-29 21:53:25 INFO  PageTinkoffMobile:111 - Поиск элементов коллекции выпадающего списка...
2018-11-29 21:54:15 INFO  BaseRunner:38 - Закрытие браузера
2018-11-29 21:55:38 INFO  BaseRunner:31 - Текущая ОС: windows 8
2018-11-29 21:55:38 INFO  BaseRunner:18 - Инициализация веб драйвера
2018-11-29 21:55:49 INFO  PageTinkoffMobile:40 - Открытие страницы: https://www.tinkoff.ru/mobile-operator/tariffs/
2018-11-29 21:55:59 INFO  PageTinkoffMobile:47 - Устанавливаем дефолтны регион Москва и область
2018-11-29 21:56:04 INFO  PageTinkoffMobile:53 - Определение региона
2018-11-29 21:56:06 INFO  PageTinkoffMobile:56 - Текущий регион Москва и Московская область
2018-11-29 21:56:06 INFO  PageTinkoffMobile:60 - Определение региона
2018-11-29 21:56:06 INFO  PageTinkoffMobile:63 - Текущий регионМосква и Московская область
2018-11-29 21:56:06 INFO  PageTinkoffMobile:68 - Обновляем страницу
2018-11-29 21:56:14 INFO  PageTinkoffMobile:60 - Определение региона
2018-11-29 21:56:14 INFO  PageTinkoffMobile:63 - Текущий регионМосква и Московская область
2018-11-29 21:56:14 INFO  PageTinkoffMobile:74 - Поиск стоимости пакета
2018-11-29 21:56:14 INFO  PageTinkoffMobile:106 - Поиск селекта...
2018-11-29 21:56:14 INFO  PageTinkoffMobile:108 - Нажатие на селект
2018-11-29 21:56:14 INFO  PageTinkoffMobile:111 - Поиск элементов коллекции выпадающего списка...
2018-11-29 21:57:05 INFO  BaseRunner:38 - Закрытие браузера
2018-11-29 21:57:43 INFO  BaseRunner:31 - Текущая ОС: windows 8
2018-11-29 21:57:44 INFO  BaseRunner:18 - Инициализация веб драйвера
2018-11-29 21:57:56 INFO  PageTinkoffMobile:40 - Открытие страницы: https://www.tinkoff.ru/mobile-operator/tariffs/
2018-11-29 21:58:06 INFO  PageTinkoffMobile:47 - Устанавливаем дефолтны регион Москва и область
2018-11-29 21:58:07 INFO  PageTinkoffMobile:53 - Определение региона
2018-11-29 21:58:12 INFO  BaseRunner:38 - Закрытие браузера
2018-11-29 21:58:30 INFO  BaseRunner:31 - Текущая ОС: windows 8
2018-11-29 21:58:30 INFO  BaseRunner:18 - Инициализация веб драйвера
2018-11-29 21:58:43 INFO  PageTinkoffMobile:40 - Открытие страницы: https://www.tinkoff.ru/mobile-operator/tariffs/
2018-11-29 21:58:54 INFO  PageTinkoffMobile:47 - Устанавливаем дефолтны регион Москва и область
2018-11-29 21:58:59 INFO  PageTinkoffMobile:53 - Определение региона
2018-11-29 21:59:00 INFO  PageTinkoffMobile:56 - Текущий регион Москва и Московская область
2018-11-29 21:59:00 INFO  PageTinkoffMobile:60 - Определение региона
2018-11-29 21:59:00 INFO  PageTinkoffMobile:63 - Текущий регионМосква и Московская область
2018-11-29 21:59:00 INFO  PageTinkoffMobile:68 - Обновляем страницу
2018-11-29 21:59:09 INFO  PageTinkoffMobile:60 - Определение региона
2018-11-29 21:59:09 INFO  PageTinkoffMobile:63 - Текущий регионМосква и Московская область
2018-11-29 21:59:09 INFO  PageTinkoffMobile:74 - Поиск стоимости пакета
2018-11-29 21:59:09 INFO  PageTinkoffMobile:106 - Поиск селекта...
2018-11-29 21:59:09 INFO  PageTinkoffMobile:108 - Нажатие на селект
2018-11-29 21:59:09 INFO  PageTinkoffMobile:111 - Поиск элементов коллекции выпадающего списка...
2018-11-29 21:59:09 INFO  PageTinkoffMobile:115 - Найдено: 6 элемента
2018-11-29 21:59:10 INFO  PageTinkoffMobile:119 - Поиск элемента коллекции: 'Безлимитный интернет', текущий элемент: '0 ГБ'
2018-11-29 21:59:10 INFO  PageTinkoffMobile:119 - Поиск элемента коллекции: 'Безлимитный интернет', текущий элемент: '2 ГБ'
2018-11-29 21:59:10 INFO  PageTinkoffMobile:119 - Поиск элемента коллекции: 'Безлимитный интернет', текущий элемент: '4 ГБ'
2018-11-29 21:59:10 INFO  PageTinkoffMobile:119 - Поиск элемента коллекции: 'Безлимитный интернет', текущий элемент: '8 ГБ'
2018-11-29 21:59:10 INFO  PageTinkoffMobile:119 - Поиск элемента коллекции: 'Безлимитный интернет', текущий элемент: '16 ГБ'
2018-11-29 21:59:10 INFO  PageTinkoffMobile:119 - Поиск элемента коллекции: 'Безлимитный интернет', текущий элемент: 'Безлимитный интернет'
2018-11-29 21:59:10 INFO  PageTinkoffMobile:121 - Нажатие на элемент коллекции: 'Безлимитный интернет'
2018-11-29 21:59:10 INFO  PageTinkoffMobile:106 - Поиск селекта...
2018-11-29 21:59:11 INFO  PageTinkoffMobile:108 - Нажатие на селект
2018-11-29 21:59:11 INFO  PageTinkoffMobile:111 - Поиск элементов коллекции выпадающего списка...
2018-11-29 21:59:11 INFO  PageTinkoffMobile:115 - Найдено: 6 элемента
2018-11-29 21:59:11 INFO  PageTinkoffMobile:119 - Поиск элемента коллекции: 'Безлимитные минуты', текущий элемент: '0 минут'
2018-11-29 21:59:11 INFO  PageTinkoffMobile:119 - Поиск элемента коллекции: 'Безлимитные минуты', текущий элемент: '200 минут'
2018-11-29 21:59:11 INFO  PageTinkoffMobile:119 - Поиск элемента коллекции: 'Безлимитные минуты', текущий элемент: '400 минут'
2018-11-29 21:59:11 INFO  PageTinkoffMobile:119 - Поиск элемента коллекции: 'Безлимитные минуты', текущий элемент: '600 минут'
2018-11-29 21:59:12 INFO  PageTinkoffMobile:119 - Поиск элемента коллекции: 'Безлимитные минуты', текущий элемент: '1200 минут'
2018-11-29 21:59:12 INFO  PageTinkoffMobile:119 - Поиск элемента коллекции: 'Безлимитные минуты', текущий элемент: 'Безлимитные минуты'
2018-11-29 21:59:12 INFO  PageTinkoffMobile:121 - Нажатие на элемент коллекции: 'Безлимитные минуты'
2018-11-29 21:59:12 INFO  PageTinkoffMobile:98 - Поиск чекбокса...
2018-11-29 21:59:12 INFO  PageTinkoffMobile:100 - Нажатие чекбокс
2018-11-29 21:59:12 INFO  PageTinkoffMobile:102 - Выполнили нажатие
2018-11-29 21:59:12 INFO  PageTinkoffMobile:98 - Поиск чекбокса...
2018-11-29 21:59:12 INFO  PageTinkoffMobile:100 - Нажатие чекбокс
2018-11-29 21:59:13 INFO  PageTinkoffMobile:102 - Выполнили нажатие
2018-11-29 21:59:13 INFO  PageTinkoffMobile:74 - Поиск стоимости пакета
2018-11-29 21:59:13 INFO  BaseRunner:38 - Закрытие браузера
2018-11-29 22:13:27 INFO  BaseRunner:31 - Текущая ОС: windows 8
2018-11-29 22:13:27 INFO  BaseRunner:18 - Инициализация веб драйвера
2018-11-29 22:13:39 INFO  PageTinkoffMobile:40 - Открытие страницы: https://www.tinkoff.ru/mobile-operator/tariffs/
2018-11-29 22:13:50 INFO  PageTinkoffMobile:47 - Устанавливаем дефолтны регион Москва и область
2018-11-29 22:13:52 INFO  PageTinkoffMobile:53 - Определение региона
2018-11-29 22:13:57 INFO  BaseRunner:38 - Закрытие браузера
2018-11-29 22:18:13 INFO  BaseRunner:31 - Текущая ОС: windows 8
2018-11-29 22:18:13 INFO  BaseRunner:18 - Инициализация веб драйвера
2018-11-29 22:18:24 INFO  PageTinkoffMobile:40 - Открытие страницы: https://www.tinkoff.ru/mobile-operator/tariffs/
2018-11-29 22:18:34 INFO  PageTinkoffMobile:47 - Устанавливаем дефолтны регион Москва и область
2018-11-29 22:18:36 INFO  PageTinkoffMobile:53 - Определение региона
2018-11-29 22:18:41 INFO  BaseRunner:38 - Закрытие браузера
2018-11-29 22:19:06 INFO  BaseRunner:31 - Текущая ОС: windows 8
2018-11-29 22:19:06 INFO  BaseRunner:18 - Инициализация веб драйвера
2018-11-29 22:19:17 INFO  PageTinkoffMobile:40 - Открытие страницы: https://www.tinkoff.ru/mobile-operator/tariffs/
2018-11-29 22:20:05 INFO  PageTinkoffMobile:47 - Устанавливаем дефолтны регион Москва и область
2018-11-29 22:20:09 INFO  PageTinkoffMobile:53 - Определение региона
2018-11-29 22:20:11 INFO  PageTinkoffMobile:56 - Текущий регион Москва и Московская область
2018-11-29 22:20:11 INFO  PageTinkoffMobile:60 - Определение региона
2018-11-29 22:20:11 INFO  PageTinkoffMobile:63 - Текущий регионМосква и Московская область
2018-11-29 22:20:11 INFO  BaseRunner:38 - Закрытие браузера
2018-11-29 22:22:15 INFO  BaseRunner:31 - Текущая ОС: windows 8
2018-11-29 22:22:15 INFO  BaseRunner:18 - Инициализация веб драйвера
2018-11-29 22:22:26 INFO  PageTinkoffMobile:40 - Открытие страницы: https://www.tinkoff.ru/mobile-operator/tariffs/
2018-11-29 22:23:16 INFO  PageTinkoffMobile:47 - Устанавливаем дефолтны регион Москва и область
2018-11-29 22:23:20 INFO  PageTinkoffMobile:53 - Определение региона
2018-11-29 22:23:21 INFO  PageTinkoffMobile:56 - Текущий регион Москва и Московская область
2018-11-29 22:23:21 INFO  PageTinkoffMobile:60 - Определение региона
2018-11-29 22:23:21 INFO  PageTinkoffMobile:63 - Текущий регионМосква и Московская область
2018-11-29 22:23:21 INFO  BaseRunner:38 - Закрытие браузера
2018-11-29 22:25:01 INFO  BaseRunner:31 - Текущая ОС: windows 8
2018-11-29 22:25:01 INFO  BaseRunner:18 - Инициализация веб драйвера
2018-11-29 22:25:14 INFO  PageTinkoffMobile:40 - Открытие страницы: https://www.tinkoff.ru/mobile-operator/tariffs/
2018-11-29 22:26:24 INFO  PageTinkoffMobile:47 - Устанавливаем дефолтны регион Москва и область
2018-11-29 22:26:40 INFO  PageTinkoffMobile:53 - Определение региона
2018-11-29 22:26:42 INFO  PageTinkoffMobile:56 - Текущий регион Москва и Московская область
2018-11-29 22:26:42 INFO  PageTinkoffMobile:60 - Определение региона
2018-11-29 22:26:42 INFO  PageTinkoffMobile:63 - Текущий регионМосква и Московская область
2018-11-29 22:26:42 INFO  BaseRunner:38 - Закрытие браузера
2018-11-29 22:28:18 INFO  BaseRunner:31 - Текущая ОС: windows 8
2018-11-29 22:28:18 INFO  BaseRunner:18 - Инициализация веб драйвера
2018-11-29 22:28:33 INFO  PageTinkoffMobile:40 - Открытие страницы: https://www.tinkoff.ru/mobile-operator/tariffs/
2018-11-29 22:28:45 INFO  PageTinkoffMobile:47 - Устанавливаем дефолтны регион Москва и область
2018-11-29 22:28:51 INFO  PageTinkoffMobile:53 - Определение региона
2018-11-29 22:28:53 INFO  PageTinkoffMobile:56 - Текущий регион Москва и Московская область
2018-11-29 22:28:53 INFO  PageTinkoffMobile:60 - Определение региона
2018-11-29 22:28:53 INFO  PageTinkoffMobile:63 - Текущий регионМосква и Московская область
2018-11-29 22:28:53 INFO  PageTinkoffMobile:83 - Обновляем страницу
2018-11-29 22:29:02 INFO  PageTinkoffMobile:60 - Определение региона
2018-11-29 22:29:02 INFO  PageTinkoffMobile:63 - Текущий регионМосква и Московская область
2018-11-29 22:29:02 INFO  PageTinkoffMobile:89 - Поиск стоимости пакета
2018-11-29 22:29:02 INFO  PageTinkoffMobile:121 - Поиск селекта...
2018-11-29 22:29:02 INFO  PageTinkoffMobile:123 - Нажатие на селект
2018-11-29 22:29:02 INFO  PageTinkoffMobile:126 - Поиск элементов коллекции выпадающего списка...
2018-11-29 22:29:03 INFO  PageTinkoffMobile:130 - Найдено: 6 элемента
2018-11-29 22:29:03 INFO  PageTinkoffMobile:134 - Поиск элемента коллекции: 'Безлимитный интернет', текущий элемент: '0 ГБ'
2018-11-29 22:29:03 INFO  PageTinkoffMobile:134 - Поиск элемента коллекции: 'Безлимитный интернет', текущий элемент: '2 ГБ'
2018-11-29 22:29:03 INFO  PageTinkoffMobile:134 - Поиск элемента коллекции: 'Безлимитный интернет', текущий элемент: '4 ГБ'
2018-11-29 22:29:03 INFO  PageTinkoffMobile:134 - Поиск элемента коллекции: 'Безлимитный интернет', текущий элемент: '8 ГБ'
2018-11-29 22:29:03 INFO  PageTinkoffMobile:134 - Поиск элемента коллекции: 'Безлимитный интернет', текущий элемент: '16 ГБ'
2018-11-29 22:29:04 INFO  PageTinkoffMobile:134 - Поиск элемента коллекции: 'Безлимитный интернет', текущий элемент: 'Безлимитный интернет'
2018-11-29 22:29:04 INFO  PageTinkoffMobile:136 - Нажатие на элемент коллекции: 'Безлимитный интернет'
2018-11-29 22:29:04 INFO  PageTinkoffMobile:121 - Поиск селекта...
2018-11-29 22:29:04 INFO  PageTinkoffMobile:123 - Нажатие на селект
2018-11-29 22:29:05 INFO  PageTinkoffMobile:126 - Поиск элементов коллекции выпадающего списка...
2018-11-29 22:29:05 INFO  PageTinkoffMobile:130 - Найдено: 6 элемента
2018-11-29 22:29:05 INFO  PageTinkoffMobile:134 - Поиск элемента коллекции: 'Безлимитные минуты', текущий элемент: '0 минут'
2018-11-29 22:29:05 INFO  PageTinkoffMobile:134 - Поиск элемента коллекции: 'Безлимитные минуты', текущий элемент: '200 минут'
2018-11-29 22:29:05 INFO  PageTinkoffMobile:134 - Поиск элемента коллекции: 'Безлимитные минуты', текущий элемент: '400 минут'
2018-11-29 22:29:05 INFO  PageTinkoffMobile:134 - Поиск элемента коллекции: 'Безлимитные минуты', текущий элемент: '600 минут'
2018-11-29 22:29:05 INFO  PageTinkoffMobile:134 - Поиск элемента коллекции: 'Безлимитные минуты', текущий элемент: '1200 минут'
2018-11-29 22:29:05 INFO  PageTinkoffMobile:134 - Поиск элемента коллекции: 'Безлимитные минуты', текущий элемент: 'Безлимитные минуты'
2018-11-29 22:29:05 INFO  PageTinkoffMobile:136 - Нажатие на элемент коллекции: 'Безлимитные минуты'
2018-11-29 22:29:06 INFO  PageTinkoffMobile:113 - Поиск чекбокса...
2018-11-29 22:29:06 INFO  PageTinkoffMobile:115 - Нажатие чекбокс
2018-11-29 22:29:06 INFO  PageTinkoffMobile:117 - Выполнили нажатие
2018-11-29 22:29:06 INFO  PageTinkoffMobile:113 - Поиск чекбокса...
2018-11-29 22:29:06 INFO  PageTinkoffMobile:115 - Нажатие чекбокс
2018-11-29 22:29:07 INFO  PageTinkoffMobile:117 - Выполнили нажатие
2018-11-29 22:29:07 INFO  PageTinkoffMobile:89 - Поиск стоимости пакета
2018-11-29 22:29:07 INFO  PageTinkoffMobile:67 - Поиск элемента регион
2018-11-29 22:29:07 INFO  PageTinkoffMobile:70 - Выполнинено нажатие на регион
2018-11-29 22:29:07 INFO  PageTinkoffMobile:75 - Поиск наличия регионаКраснодарский к.
2018-11-29 22:29:07 INFO  PageTinkoffMobile:77 - Нажатие на регион
2018-11-29 22:29:08 INFO  BaseRunner:38 - Закрытие браузера
2018-11-29 22:44:38 INFO  BaseRunner:31 - Текущая ОС: windows 8
2018-11-29 22:44:38 INFO  BaseRunner:18 - Инициализация веб драйвера
2018-11-29 22:44:49 INFO  PageTinkoffMobile:40 - Открытие страницы: https://www.tinkoff.ru/mobile-operator/tariffs/
2018-11-29 22:44:59 INFO  PageTinkoffMobile:47 - Устанавливаем дефолтны регион Москва и область
2018-11-29 22:45:05 INFO  PageTinkoffMobile:54 - Определение региона
2018-11-29 22:45:06 INFO  PageTinkoffMobile:57 - Текущий регионМосква и Московская область
2018-11-29 22:45:06 INFO  PageTinkoffMobile:76 - Обновляем страницу
2018-11-29 22:45:14 INFO  PageTinkoffMobile:54 - Определение региона
2018-11-29 22:45:14 INFO  PageTinkoffMobile:57 - Текущий регионМосква и Московская область
2018-11-29 22:45:14 INFO  PageTinkoffMobile:82 - Поиск стоимости пакета
2018-11-29 22:45:14 INFO  PageTinkoffMobile:97 - Поиск селекта...
2018-11-29 22:45:14 INFO  PageTinkoffMobile:99 - Нажатие на селект
2018-11-29 22:45:15 INFO  PageTinkoffMobile:102 - Поиск элементов коллекции выпадающего списка...
2018-11-29 22:45:15 INFO  PageTinkoffMobile:106 - Найдено: 6 элемента
2018-11-29 22:45:15 INFO  PageTinkoffMobile:110 - Поиск элемента коллекции: 'Безлимитный интернет', текущий элемент: '0 ГБ'
2018-11-29 22:45:15 INFO  PageTinkoffMobile:110 - Поиск элемента коллекции: 'Безлимитный интернет', текущий элемент: '2 ГБ'
2018-11-29 22:45:15 INFO  PageTinkoffMobile:110 - Поиск элемента коллекции: 'Безлимитный интернет', текущий элемент: '4 ГБ'
2018-11-29 22:45:15 INFO  PageTinkoffMobile:110 - Поиск элемента коллекции: 'Безлимитный интернет', текущий элемент: '8 ГБ'
2018-11-29 22:45:16 INFO  PageTinkoffMobile:110 - Поиск элемента коллекции: 'Безлимитный интернет', текущий элемент: '16 ГБ'
2018-11-29 22:45:16 INFO  PageTinkoffMobile:110 - Поиск элемента коллекции: 'Безлимитный интернет', текущий элемент: 'Безлимитный интернет'
2018-11-29 22:45:16 INFO  PageTinkoffMobile:112 - Нажатие на элемент коллекции: 'Безлимитный интернет'
2018-11-29 22:45:16 INFO  PageTinkoffMobile:97 - Поиск селекта...
2018-11-29 22:45:16 INFO  PageTinkoffMobile:99 - Нажатие на селект
2018-11-29 22:45:16 INFO  PageTinkoffMobile:102 - Поиск элементов коллекции выпадающего списка...
2018-11-29 22:45:16 INFO  PageTinkoffMobile:106 - Найдено: 6 элемента
2018-11-29 22:45:17 INFO  PageTinkoffMobile:110 - Поиск элемента коллекции: 'Безлимитные минуты', текущий элемент: '0 минут'
2018-11-29 22:45:17 INFO  PageTinkoffMobile:110 - Поиск элемента коллекции: 'Безлимитные минуты', текущий элемент: '200 минут'
2018-11-29 22:45:17 INFO  PageTinkoffMobile:110 - Поиск элемента коллекции: 'Безлимитные минуты', текущий элемент: '400 минут'
2018-11-29 22:45:17 INFO  PageTinkoffMobile:110 - Поиск элемента коллекции: 'Безлимитные минуты', текущий элемент: '600 минут'
2018-11-29 22:45:17 INFO  PageTinkoffMobile:110 - Поиск элемента коллекции: 'Безлимитные минуты', текущий элемент: '1200 минут'
2018-11-29 22:45:17 INFO  PageTinkoffMobile:110 - Поиск элемента коллекции: 'Безлимитные минуты', текущий элемент: 'Безлимитные минуты'
2018-11-29 22:45:17 INFO  PageTinkoffMobile:112 - Нажатие на элемент коллекции: 'Безлимитные минуты'
2018-11-29 22:45:17 INFO  PageTinkoffMobile:89 - Поиск чекбокса...
2018-11-29 22:45:17 INFO  PageTinkoffMobile:91 - Нажатие чекбокс
2018-11-29 22:45:18 INFO  PageTinkoffMobile:93 - Выполнили нажатие
2018-11-29 22:45:18 INFO  PageTinkoffMobile:89 - Поиск чекбокса...
2018-11-29 22:45:18 INFO  PageTinkoffMobile:91 - Нажатие чекбокс
2018-11-29 22:45:18 INFO  PageTinkoffMobile:93 - Выполнили нажатие
2018-11-29 22:45:18 INFO  PageTinkoffMobile:82 - Поиск стоимости пакета
2018-11-29 22:45:18 INFO  PageTinkoffMobile:61 - Поиск элемента регион
2018-11-29 22:45:19 INFO  PageTinkoffMobile:64 - Выполнинено нажатие на регион
2018-11-29 22:45:19 INFO  PageTinkoffMobile:69 - Поиск наличия регионаКраснодарский к.
2018-11-29 22:45:19 INFO  PageTinkoffMobile:71 - Нажатие на регион
2018-11-29 22:45:19 INFO  PageTinkoffMobile:54 - Определение региона
2018-11-29 22:45:24 INFO  BaseRunner:38 - Закрытие браузера
2018-11-29 22:47:38 INFO  BaseRunner:31 - Текущая ОС: windows 8
2018-11-29 22:47:38 INFO  BaseRunner:18 - Инициализация веб драйвера
2018-11-29 22:48:08 INFO  BaseRunner:31 - Текущая ОС: windows 8
2018-11-29 22:48:08 INFO  BaseRunner:18 - Инициализация веб драйвера
2018-11-29 22:48:23 INFO  PageTinkoffMobile:40 - Открытие страницы: https://www.tinkoff.ru/mobile-operator/tariffs/
2018-11-29 22:48:33 INFO  PageTinkoffMobile:47 - Устанавливаем дефолтны регион Москва и область
2018-11-29 22:48:35 INFO  PageTinkoffMobile:54 - Определение региона
2018-11-29 22:48:40 INFO  PageTinkoffMobile:57 - Текущий регионМосква и Московская область
2018-11-29 22:48:40 INFO  PageTinkoffMobile:76 - Обновляем страницу
2018-11-29 22:48:48 INFO  PageTinkoffMobile:54 - Определение региона
2018-11-29 22:48:48 INFO  PageTinkoffMobile:57 - Текущий регионМосква и Московская область
2018-11-29 22:48:48 INFO  PageTinkoffMobile:82 - Поиск стоимости пакета
2018-11-29 22:48:48 INFO  PageTinkoffMobile:97 - Поиск селекта...
2018-11-29 22:48:48 INFO  PageTinkoffMobile:99 - Нажатие на селект
2018-11-29 22:48:49 INFO  PageTinkoffMobile:102 - Поиск элементов коллекции выпадающего списка...
2018-11-29 22:48:49 INFO  PageTinkoffMobile:106 - Найдено: 6 элемента
2018-11-29 22:48:49 INFO  PageTinkoffMobile:110 - Поиск элемента коллекции: 'Безлимитный интернет', текущий элемент: '0 ГБ'
2018-11-29 22:48:49 INFO  PageTinkoffMobile:110 - Поиск элемента коллекции: 'Безлимитный интернет', текущий элемент: '2 ГБ'
2018-11-29 22:48:49 INFO  PageTinkoffMobile:110 - Поиск элемента коллекции: 'Безлимитный интернет', текущий элемент: '4 ГБ'
2018-11-29 22:48:50 INFO  PageTinkoffMobile:110 - Поиск элемента коллекции: 'Безлимитный интернет', текущий элемент: '8 ГБ'
2018-11-29 22:48:50 INFO  PageTinkoffMobile:110 - Поиск элемента коллекции: 'Безлимитный интернет', текущий элемент: '16 ГБ'
2018-11-29 22:48:50 INFO  PageTinkoffMobile:110 - Поиск элемента коллекции: 'Безлимитный интернет', текущий элемент: 'Безлимитный интернет'
2018-11-29 22:48:50 INFO  PageTinkoffMobile:112 - Нажатие на элемент коллекции: 'Безлимитный интернет'
2018-11-29 22:48:50 INFO  PageTinkoffMobile:97 - Поиск селекта...
2018-11-29 22:48:50 INFO  PageTinkoffMobile:99 - Нажатие на селект
2018-11-29 22:48:51 INFO  PageTinkoffMobile:102 - Поиск элементов коллекции выпадающего списка...
2018-11-29 22:48:51 INFO  PageTinkoffMobile:106 - Найдено: 6 элемента
2018-11-29 22:48:51 INFO  PageTinkoffMobile:110 - Поиск элемента коллекции: 'Безлимитные минуты', текущий элемент: '0 минут'
2018-11-29 22:48:51 INFO  PageTinkoffMobile:110 - Поиск элемента коллекции: 'Безлимитные минуты', текущий элемент: '200 минут'
2018-11-29 22:48:51 INFO  PageTinkoffMobile:110 - Поиск элемента коллекции: 'Безлимитные минуты', текущий элемент: '400 минут'
2018-11-29 22:48:51 INFO  PageTinkoffMobile:110 - Поиск элемента коллекции: 'Безлимитные минуты', текущий элемент: '600 минут'
2018-11-29 22:48:51 INFO  PageTinkoffMobile:110 - Поиск элемента коллекции: 'Безлимитные минуты', текущий элемент: '1200 минут'
2018-11-29 22:48:51 INFO  PageTinkoffMobile:110 - Поиск элемента коллекции: 'Безлимитные минуты', текущий элемент: 'Безлимитные минуты'
2018-11-29 22:48:51 INFO  PageTinkoffMobile:112 - Нажатие на элемент коллекции: 'Безлимитные минуты'
2018-11-29 22:48:52 INFO  PageTinkoffMobile:89 - Поиск чекбокса...
2018-11-29 22:48:52 INFO  PageTinkoffMobile:91 - Нажатие чекбокс
2018-11-29 22:48:52 INFO  PageTinkoffMobile:93 - Выполнили нажатие
2018-11-29 22:48:52 INFO  PageTinkoffMobile:89 - Поиск чекбокса...
2018-11-29 22:48:52 INFO  PageTinkoffMobile:91 - Нажатие чекбокс
2018-11-29 22:48:53 INFO  PageTinkoffMobile:93 - Выполнили нажатие
2018-11-29 22:48:53 INFO  PageTinkoffMobile:82 - Поиск стоимости пакета
2018-11-29 22:48:53 INFO  PageTinkoffMobile:61 - Поиск элемента регион
2018-11-29 22:48:53 INFO  PageTinkoffMobile:64 - Выполнинено нажатие на регион
2018-11-29 22:48:53 INFO  PageTinkoffMobile:69 - Поиск наличия регионаКраснодарский к.
2018-11-29 22:48:54 INFO  PageTinkoffMobile:71 - Выбор региона
2018-11-29 22:49:35 INFO  PageTinkoffMobile:54 - Определение региона
2018-11-29 22:50:14 INFO  PageTinkoffMobile:57 - Текущий регионКраснодарский край
2018-11-29 22:52:05 INFO  PageTinkoffMobile:54 - Определение региона
2018-11-29 22:52:05 INFO  PageTinkoffMobile:57 - Текущий регионКраснодарский край
2018-11-29 22:52:19 INFO  PageTinkoffMobile:54 - Определение региона
2018-11-29 22:52:19 INFO  PageTinkoffMobile:57 - Текущий регионКраснодарский край
2018-11-29 22:52:48 INFO  PageTinkoffMobile:54 - Определение региона
2018-11-29 22:52:48 INFO  PageTinkoffMobile:57 - Текущий регионКраснодарский край
2018-11-29 22:53:07 INFO  PageTinkoffMobile:54 - Определение региона
2018-11-29 22:53:07 INFO  PageTinkoffMobile:57 - Текущий регионКраснодарский край
2018-11-29 22:53:17 INFO  PageTinkoffMobile:54 - Определение региона
2018-11-29 22:53:17 INFO  PageTinkoffMobile:57 - Текущий регионКраснодарский край
2018-11-29 22:54:02 INFO  PageTinkoffMobile:54 - Определение региона
2018-11-29 22:54:02 INFO  PageTinkoffMobile:57 - Текущий регионКраснодарский край
2018-11-29 22:54:14 INFO  PageTinkoffMobile:54 - Определение региона
2018-11-29 22:54:14 INFO  PageTinkoffMobile:57 - Текущий регионКраснодарский край
2018-11-29 22:54:26 INFO  PageTinkoffMobile:54 - Определение региона
2018-11-29 22:54:26 INFO  PageTinkoffMobile:57 - Текущий регионКраснодарский край
2018-11-29 22:54:43 INFO  PageTinkoffMobile:54 - Определение региона
2018-11-29 22:54:43 INFO  PageTinkoffMobile:57 - Текущий регионКраснодарский край
2018-11-29 22:54:43 INFO  BaseRunner:38 - Закрытие браузера
2018-11-29 22:55:06 INFO  BaseRunner:31 - Текущая ОС: windows 8
2018-11-29 22:55:06 INFO  BaseRunner:18 - Инициализация веб драйвера
2018-11-29 22:55:17 INFO  PageTinkoffMobile:40 - Открытие страницы: https://www.tinkoff.ru/mobile-operator/tariffs/
2018-11-29 22:56:28 INFO  PageTinkoffMobile:47 - Устанавливаем дефолтны регион Москва и область
2018-11-29 22:56:35 INFO  PageTinkoffMobile:54 - Определение региона
2018-11-29 22:56:36 INFO  PageTinkoffMobile:57 - Текущий регионМосква и Московская область
2018-11-29 22:56:36 INFO  PageTinkoffMobile:76 - Обновляем страницу
2018-11-29 22:56:45 INFO  PageTinkoffMobile:54 - Определение региона
2018-11-29 22:56:45 INFO  PageTinkoffMobile:57 - Текущий регионМосква и Московская область
2018-11-29 22:56:45 INFO  PageTinkoffMobile:82 - Поиск стоимости пакета
2018-11-29 22:56:45 INFO  PageTinkoffMobile:97 - Поиск селекта...
2018-11-29 22:56:45 INFO  PageTinkoffMobile:99 - Нажатие на селект
2018-11-29 22:56:45 INFO  PageTinkoffMobile:102 - Поиск элементов коллекции выпадающего списка...
2018-11-29 22:56:46 INFO  PageTinkoffMobile:106 - Найдено: 6 элемента
2018-11-29 22:56:46 INFO  PageTinkoffMobile:110 - Поиск элемента коллекции: 'Безлимитный интернет', текущий элемент: '0 ГБ'
2018-11-29 22:56:46 INFO  PageTinkoffMobile:110 - Поиск элемента коллекции: 'Безлимитный интернет', текущий элемент: '2 ГБ'
2018-11-29 22:56:46 INFO  PageTinkoffMobile:110 - Поиск элемента коллекции: 'Безлимитный интернет', текущий элемент: '4 ГБ'
2018-11-29 22:56:46 INFO  PageTinkoffMobile:110 - Поиск элемента коллекции: 'Безлимитный интернет', текущий элемент: '8 ГБ'
2018-11-29 22:56:46 INFO  PageTinkoffMobile:110 - Поиск элемента коллекции: 'Безлимитный интернет', текущий элемент: '16 ГБ'
2018-11-29 22:56:46 INFO  PageTinkoffMobile:110 - Поиск элемента коллекции: 'Безлимитный интернет', текущий элемент: 'Безлимитный интернет'
2018-11-29 22:56:46 INFO  PageTinkoffMobile:112 - Нажатие на элемент коллекции: 'Безлимитный интернет'
2018-11-29 22:56:47 INFO  PageTinkoffMobile:97 - Поиск селекта...
2018-11-29 22:56:47 INFO  PageTinkoffMobile:99 - Нажатие на селект
2018-11-29 22:56:47 INFO  PageTinkoffMobile:102 - Поиск элементов коллекции выпадающего списка...
2018-11-29 22:56:47 INFO  PageTinkoffMobile:106 - Найдено: 6 элемента
2018-11-29 22:56:47 INFO  PageTinkoffMobile:110 - Поиск элемента коллекции: 'Безлимитные минуты', текущий элемент: '0 минут'
2018-11-29 22:56:47 INFO  PageTinkoffMobile:110 - Поиск элемента коллекции: 'Безлимитные минуты', текущий элемент: '200 минут'
2018-11-29 22:56:48 INFO  PageTinkoffMobile:110 - Поиск элемента коллекции: 'Безлимитные минуты', текущий элемент: '400 минут'
2018-11-29 22:56:48 INFO  PageTinkoffMobile:110 - Поиск элемента коллекции: 'Безлимитные минуты', текущий элемент: '600 минут'
2018-11-29 22:56:48 INFO  PageTinkoffMobile:110 - Поиск элемента коллекции: 'Безлимитные минуты', текущий элемент: '1200 минут'
2018-11-29 22:56:48 INFO  PageTinkoffMobile:110 - Поиск элемента коллекции: 'Безлимитные минуты', текущий элемент: 'Безлимитные минуты'
2018-11-29 22:56:48 INFO  PageTinkoffMobile:112 - Нажатие на элемент коллекции: 'Безлимитные минуты'
2018-11-29 22:56:48 INFO  PageTinkoffMobile:89 - Поиск чекбокса...
2018-11-29 22:56:48 INFO  PageTinkoffMobile:91 - Нажатие чекбокс
2018-11-29 22:56:48 INFO  PageTinkoffMobile:93 - Выполнили нажатие
2018-11-29 22:56:48 INFO  PageTinkoffMobile:89 - Поиск чекбокса...
2018-11-29 22:56:48 INFO  PageTinkoffMobile:91 - Нажатие чекбокс
2018-11-29 22:56:49 INFO  PageTinkoffMobile:93 - Выполнили нажатие
2018-11-29 22:56:49 INFO  PageTinkoffMobile:82 - Поиск стоимости пакета
2018-11-29 22:56:49 INFO  PageTinkoffMobile:61 - Поиск элемента регион
2018-11-29 22:56:49 INFO  PageTinkoffMobile:64 - Выполнинено нажатие на регион
2018-11-29 22:56:49 INFO  PageTinkoffMobile:69 - Поиск наличия регионаКраснодарский к.
2018-11-29 22:56:49 INFO  PageTinkoffMobile:71 - Выбор региона
2018-11-29 22:56:50 INFO  PageTinkoffMobile:54 - Определение региона
2018-11-29 22:56:54 INFO  BaseRunner:38 - Закрытие браузера
2018-11-29 23:00:14 INFO  BaseRunner:31 - Текущая ОС: windows 8
2018-11-29 23:00:14 INFO  BaseRunner:18 - Инициализация веб драйвера
2018-11-29 23:00:25 INFO  PageTinkoffMobile:40 - Открытие страницы: https://www.tinkoff.ru/mobile-operator/tariffs/
2018-11-29 23:00:36 INFO  PageTinkoffMobile:47 - Устанавливаем дефолтны регион Москва и область
2018-11-29 23:00:40 INFO  PageTinkoffMobile:54 - Определение региона
2018-11-29 23:00:41 INFO  PageTinkoffMobile:57 - Текущий регионМосква и Московская область
2018-11-29 23:00:41 INFO  PageTinkoffMobile:76 - Обновляем страницу
2018-11-29 23:00:50 INFO  PageTinkoffMobile:54 - Определение региона
2018-11-29 23:00:50 INFO  PageTinkoffMobile:57 - Текущий регионМосква и Московская область
2018-11-29 23:00:50 INFO  PageTinkoffMobile:82 - Поиск стоимости пакета
2018-11-29 23:00:50 INFO  PageTinkoffMobile:97 - Поиск селекта...
2018-11-29 23:00:50 INFO  PageTinkoffMobile:99 - Нажатие на селект
2018-11-29 23:00:50 INFO  PageTinkoffMobile:102 - Поиск элементов коллекции выпадающего списка...
2018-11-29 23:00:51 INFO  PageTinkoffMobile:106 - Найдено: 6 элемента
2018-11-29 23:00:51 INFO  PageTinkoffMobile:110 - Поиск элемента коллекции: 'Безлимитный интернет', текущий элемент: '0 ГБ'
2018-11-29 23:00:51 INFO  PageTinkoffMobile:110 - Поиск элемента коллекции: 'Безлимитный интернет', текущий элемент: '2 ГБ'
2018-11-29 23:00:51 INFO  PageTinkoffMobile:110 - Поиск элемента коллекции: 'Безлимитный интернет', текущий элемент: '4 ГБ'
2018-11-29 23:00:51 INFO  PageTinkoffMobile:110 - Поиск элемента коллекции: 'Безлимитный интернет', текущий элемент: '8 ГБ'
2018-11-29 23:00:51 INFO  PageTinkoffMobile:110 - Поиск элемента коллекции: 'Безлимитный интернет', текущий элемент: '16 ГБ'
2018-11-29 23:00:51 INFO  PageTinkoffMobile:110 - Поиск элемента коллекции: 'Безлимитный интернет', текущий элемент: 'Безлимитный интернет'
2018-11-29 23:00:51 INFO  PageTinkoffMobile:112 - Нажатие на элемент коллекции: 'Безлимитный интернет'
2018-11-29 23:00:52 INFO  PageTinkoffMobile:97 - Поиск селекта...
2018-11-29 23:00:52 INFO  PageTinkoffMobile:99 - Нажатие на селект
2018-11-29 23:00:52 INFO  PageTinkoffMobile:102 - Поиск элементов коллекции выпадающего списка...
2018-11-29 23:00:52 INFO  PageTinkoffMobile:106 - Найдено: 6 элемента
2018-11-29 23:00:52 INFO  PageTinkoffMobile:110 - Поиск элемента коллекции: 'Безлимитные минуты', текущий элемент: '0 минут'
2018-11-29 23:00:52 INFO  PageTinkoffMobile:110 - Поиск элемента коллекции: 'Безлимитные минуты', текущий элемент: '200 минут'
2018-11-29 23:00:52 INFO  PageTinkoffMobile:110 - Поиск элемента коллекции: 'Безлимитные минуты', текущий элемент: '400 минут'
2018-11-29 23:00:52 INFO  PageTinkoffMobile:110 - Поиск элемента коллекции: 'Безлимитные минуты', текущий элемент: '600 минут'
2018-11-29 23:00:52 INFO  PageTinkoffMobile:110 - Поиск элемента коллекции: 'Безлимитные минуты', текущий элемент: '1200 минут'
2018-11-29 23:00:53 INFO  PageTinkoffMobile:110 - Поиск элемента коллекции: 'Безлимитные минуты', текущий элемент: 'Безлимитные минуты'
2018-11-29 23:00:53 INFO  PageTinkoffMobile:112 - Нажатие на элемент коллекции: 'Безлимитные минуты'
2018-11-29 23:00:53 INFO  PageTinkoffMobile:89 - Поиск чекбокса...
2018-11-29 23:00:53 INFO  PageTinkoffMobile:91 - Нажатие чекбокс
2018-11-29 23:00:53 INFO  PageTinkoffMobile:93 - Выполнили нажатие
2018-11-29 23:00:53 INFO  PageTinkoffMobile:89 - Поиск чекбокса...
2018-11-29 23:00:53 INFO  PageTinkoffMobile:91 - Нажатие чекбокс
2018-11-29 23:00:54 INFO  PageTinkoffMobile:93 - Выполнили нажатие
2018-11-29 23:00:54 INFO  PageTinkoffMobile:82 - Поиск стоимости пакета
2018-11-29 23:00:54 INFO  PageTinkoffMobile:61 - Поиск элемента регион
2018-11-29 23:00:54 INFO  PageTinkoffMobile:64 - Выполнинено нажатие на регион
2018-11-29 23:00:54 INFO  PageTinkoffMobile:69 - Поиск наличия региона - Краснодарский к.
2018-11-29 23:00:54 INFO  PageTinkoffMobile:71 - Выбор региона
2018-11-29 23:00:55 INFO  PageTinkoffMobile:82 - Поиск стоимости пакета
2018-11-29 23:00:59 INFO  BaseRunner:38 - Закрытие браузера
2018-11-29 23:04:10 INFO  BaseRunner:31 - Текущая ОС: windows 8
2018-11-29 23:04:10 INFO  BaseRunner:18 - Инициализация веб драйвера
2018-11-29 23:04:21 INFO  PageTinkoffMobile:40 - Открытие страницы: https://www.tinkoff.ru/mobile-operator/tariffs/
2018-11-29 23:04:30 INFO  PageTinkoffMobile:47 - Устанавливаем дефолтны регион Москва и область
2018-11-29 23:04:38 INFO  PageTinkoffMobile:54 - Определение региона
2018-11-29 23:04:39 INFO  PageTinkoffMobile:57 - Текущий регионМосква и Московская область
2018-11-29 23:04:39 INFO  PageTinkoffMobile:77 - Обновляем страницу
2018-11-29 23:04:47 INFO  PageTinkoffMobile:54 - Определение региона
2018-11-29 23:04:47 INFO  PageTinkoffMobile:57 - Текущий регионМосква и Московская область
2018-11-29 23:04:47 INFO  PageTinkoffMobile:83 - Поиск стоимости пакета
2018-11-29 23:04:47 INFO  PageTinkoffMobile:98 - Поиск селекта...
2018-11-29 23:04:47 INFO  PageTinkoffMobile:100 - Нажатие на селект
2018-11-29 23:04:47 INFO  PageTinkoffMobile:103 - Поиск элементов коллекции выпадающего списка...
2018-11-29 23:04:48 INFO  PageTinkoffMobile:107 - Найдено: 6 элемента
2018-11-29 23:04:48 INFO  PageTinkoffMobile:111 - Поиск элемента коллекции: 'Безлимитный интернет', текущий элемент: '0 ГБ'
2018-11-29 23:04:48 INFO  PageTinkoffMobile:111 - Поиск элемента коллекции: 'Безлимитный интернет', текущий элемент: '2 ГБ'
2018-11-29 23:04:48 INFO  PageTinkoffMobile:111 - Поиск элемента коллекции: 'Безлимитный интернет', текущий элемент: '4 ГБ'
2018-11-29 23:04:48 INFO  PageTinkoffMobile:111 - Поиск элемента коллекции: 'Безлимитный интернет', текущий элемент: '8 ГБ'
2018-11-29 23:04:48 INFO  PageTinkoffMobile:111 - Поиск элемента коллекции: 'Безлимитный интернет', текущий элемент: '16 ГБ'
2018-11-29 23:04:48 INFO  PageTinkoffMobile:111 - Поиск элемента коллекции: 'Безлимитный интернет', текущий элемент: 'Безлимитный интернет'
2018-11-29 23:04:48 INFO  PageTinkoffMobile:113 - Нажатие на элемент коллекции: 'Безлимитный интернет'
2018-11-29 23:04:49 INFO  PageTinkoffMobile:98 - Поиск селекта...
2018-11-29 23:04:49 INFO  PageTinkoffMobile:100 - Нажатие на селект
2018-11-29 23:04:49 INFO  PageTinkoffMobile:103 - Поиск элементов коллекции выпадающего списка...
2018-11-29 23:04:49 INFO  PageTinkoffMobile:107 - Найдено: 6 элемента
2018-11-29 23:04:49 INFO  PageTinkoffMobile:111 - Поиск элемента коллекции: 'Безлимитные минуты', текущий элемент: '0 минут'
2018-11-29 23:04:49 INFO  PageTinkoffMobile:111 - Поиск элемента коллекции: 'Безлимитные минуты', текущий элемент: '200 минут'
2018-11-29 23:04:49 INFO  PageTinkoffMobile:111 - Поиск элемента коллекции: 'Безлимитные минуты', текущий элемент: '400 минут'
2018-11-29 23:04:49 INFO  PageTinkoffMobile:111 - Поиск элемента коллекции: 'Безлимитные минуты', текущий элемент: '600 минут'
2018-11-29 23:04:50 INFO  PageTinkoffMobile:111 - Поиск элемента коллекции: 'Безлимитные минуты', текущий элемент: '1200 минут'
2018-11-29 23:04:50 INFO  PageTinkoffMobile:111 - Поиск элемента коллекции: 'Безлимитные минуты', текущий элемент: 'Безлимитные минуты'
2018-11-29 23:04:50 INFO  PageTinkoffMobile:113 - Нажатие на элемент коллекции: 'Безлимитные минуты'
2018-11-29 23:04:50 INFO  PageTinkoffMobile:90 - Поиск чекбокса...
2018-11-29 23:04:50 INFO  PageTinkoffMobile:92 - Нажатие чекбокс
2018-11-29 23:04:50 INFO  PageTinkoffMobile:94 - Выполнили нажатие
2018-11-29 23:04:50 INFO  PageTinkoffMobile:90 - Поиск чекбокса...
2018-11-29 23:04:50 INFO  PageTinkoffMobile:92 - Нажатие чекбокс
2018-11-29 23:04:51 INFO  PageTinkoffMobile:94 - Выполнили нажатие
2018-11-29 23:04:51 INFO  PageTinkoffMobile:83 - Поиск стоимости пакета
2018-11-29 23:04:51 INFO  PageTinkoffMobile:61 - Поиск элемента регион
2018-11-29 23:04:51 INFO  PageTinkoffMobile:64 - Выполнинено нажатие на регион
2018-11-29 23:04:51 INFO  PageTinkoffMobile:69 - Поиск наличия региона - Краснодарский к.
2018-11-29 23:04:51 INFO  PageTinkoffMobile:71 - Выбор региона
2018-11-29 23:04:57 INFO  PageTinkoffMobile:54 - Определение региона
2018-11-29 23:04:58 INFO  PageTinkoffMobile:57 - Текущий регионКраснодарский край
2018-11-29 23:04:58 INFO  PageTinkoffMobile:83 - Поиск стоимости пакета
2018-11-29 23:04:58 INFO  PageTinkoffMobile:77 - Обновляем страницу
2018-11-29 23:05:06 INFO  PageTinkoffMobile:83 - Поиск стоимости пакета
2018-11-29 23:05:06 INFO  BaseRunner:38 - Закрытие браузера
